<?xml version="1.0" encoding="UTF-8"?>
<testng-results ignored="0" total="0" passed="0" failed="0" skipped="0">
  <reporter-output>
  </reporter-output>
  <suite started-at="2020-12-15T07:19:09Z" name="org.rohini.crm.selenium_pom.AppTest" finished-at="2020-12-15T07:19:09Z" duration-ms="5">
    <groups>
    </groups>
    <test started-at="2020-12-15T07:19:09Z" name="Command line test" finished-at="2020-12-15T07:19:09Z" duration-ms="5">
    </test> <!-- Command line test -->
  </suite> <!-- org.rohini.crm.selenium_pom.AppTest -->
</testng-results>
